2019-07-30 09:31:25,912-ERROR-line:36-日志信息:element_error:Message: 

2019-07-30 09:33:11,098-ERROR-line:36-日志信息:element_error:[WinError 10053] 你的主机中的软件中止了一个已建立的连接。
2019-07-30 09:53:55,258-ERROR-line:36-日志信息:element_error:Message: 

2019-07-30 09:55:22,662-ERROR-line:36-日志信息:element_error:Message: 

2019-07-31 10:26:51,696-ERROR-line:36-日志信息:element_error:find_element() takes from 1 to 3 positional arguments but 36 were given
2019-07-31 10:29:39,388-ERROR-line:36-日志信息:element_error:find_element() takes from 1 to 3 positional arguments but 36 were given
2019-07-31 10:30:01,257-ERROR-line:36-日志信息:element_error:find_element() takes from 1 to 3 positional arguments but 36 were given
2019-07-31 10:32:22,186-ERROR-line:36-日志信息:element_error:find_element() takes from 1 to 3 positional arguments but 36 were given
2019-07-31 10:35:39,103-ERROR-line:36-日志信息:element_error:find_element() takes from 1 to 3 positional arguments but 36 were given
2019-07-31 10:38:46,320-ERROR-line:36-日志信息:element_error:find_element() takes from 1 to 3 positional arguments but 36 were given
2019-07-31 10:40:25,192-ERROR-line:36-日志信息:element_error:find_element() takes from 1 to 3 positional arguments but 39 were given
2019-07-31 10:41:43,030-ERROR-line:36-日志信息:element_error:Message: 

2019-07-31 10:42:03,586-ERROR-line:36-日志信息:element_error:Message: 

2019-07-31 10:43:25,206-ERROR-line:36-日志信息:element_error:Message: 

2019-07-31 10:43:45,745-ERROR-line:36-日志信息:element_error:Message: 

2019-07-31 10:44:06,323-ERROR-line:36-日志信息:element_error:Message: 

2019-07-31 10:44:26,858-ERROR-line:36-日志信息:element_error:Message: 

2019-07-31 10:49:49,247-ERROR-line:36-日志信息:element_error:find_element() takes from 1 to 3 positional arguments but 61 were given
2019-07-31 10:54:45,219-ERROR-line:36-日志信息:element_error:Message: 

2019-07-31 11:00:20,527-ERROR-line:36-日志信息:element_error:Message: 

2019-08-01 09:55:14,707-ERROR-line:36-日志信息:element_error:Message: 

2019-08-01 09:58:55,750-ERROR-line:36-日志信息:element_error:Message: 

2019-08-01 09:59:56,303-ERROR-line:36-日志信息:element_error:Message: 

2019-08-01 10:01:32,817-ERROR-line:36-日志信息:element_error:Message: 

2019-08-01 10:11:39,715-ERROR-line:36-日志信息:element_error:Message: 

2019-08-01 10:13:08,389-ERROR-line:36-日志信息:element_error:Message: 

2019-08-01 10:16:03,027-ERROR-line:36-日志信息:element_error:Message: 

2019-08-14 11:11:09,822-ERROR-line:36-日志信息:element_error:Message: 

2019-08-14 11:13:29,137-ERROR-line:36-日志信息:element_error:Message: 

2019-08-14 11:15:45,699-ERROR-line:36-日志信息:element_error:Message: 

2019-08-14 11:16:10,613-ERROR-line:36-日志信息:element_error:Message: 

2019-08-14 11:16:57,147-ERROR-line:36-日志信息:element_error:Message: 

2019-08-14 11:19:46,788-ERROR-line:36-日志信息:element_error:Message: 

2019-08-14 11:24:43,078-ERROR-line:36-日志信息:element_error:Message: 

2019-08-14 11:27:37,868-ERROR-line:36-日志信息:element_error:Message: 

2019-08-14 11:29:39,089-ERROR-line:36-日志信息:element_error:Message: 

2019-08-14 11:36:30,366-ERROR-line:36-日志信息:element_error:Message: 

2019-08-14 12:12:51,739-ERROR-line:36-日志信息:element_error:Message: chrome not reachable
  (Session info: chrome=75.0.3770.142)
  (Driver info: chromedriver=71.0.3578.30 (5b78d137d0b64a11abb4e9e67c74ca0396bc59c6),platform=Windows NT 10.0.14393 x86_64)

2019-08-14 12:15:36,031-ERROR-line:36-日志信息:element_error:Message: 

2019-08-14 12:17:31,627-ERROR-line:36-日志信息:element_error:Message: 

2019-08-14 12:19:37,139-ERROR-line:36-日志信息:element_error:Message: 

